<?xml version="1.0" encoding="UTF-8"?>
<testsuite name="runner.CucumberRunnerForAPI$CucumberRunnerTest" tests="2" skipped="0" failures="0" errors="0" timestamp="2023-05-20T03:08:11" hostname="MYWORKSTATION" time="2.85">
  <properties/>
  <testcase name="runScenario[0](&quot;Check user registration successfully or not&quot;, &quot;Optional[Employee Registration]&quot;)" classname="runner.CucumberRunnerForAPI$CucumberRunnerTest" time="2.276"/>
  <testcase name="runScenario[1](&quot;Validate user registration request and response&quot;, &quot;Optional[User registration]&quot;)" classname="runner.CucumberRunnerForAPI$CucumberRunnerTest" time="0.572"/>
  <system-out><![CDATA[
@regression
Scenario Outline: Check user registration successfully or not # src/test/resources/Features/api/employee_reg_post.feature:12
  Given User has the API 'users'                              # step_defination.APIEmployeeRegPostSD.userHasTheAPIPath(java.lang.String)
  When User hit 'imran' and 'SDET'                            # step_defination.APIEmployeeRegPostSD.userHitNameAndJobTitle(java.lang.String,java.lang.String)
https://reqres.in/api/users
{Content-Type=application/json;charset=UTF-8}
The JSon response
*****************************
{"name":"imran","job":"SDET","id":"869","createdAt":"2023-05-20T03:08:14.210Z"}
*****************************
  And Call the API with body                                  # step_defination.APIEmployeeRegPostSD.callTheAPIWithBody()
The text responses
******************
SDET
imran
869
*******************
  Then It will return created data                            # step_defination.APIEmployeeRegPostSD.itWillReturnCreatedData()

Scenario Outline: Validate user registration request and response # src/test/resources/Features/api/reg_post.feature:12
The Full URL is: https://reqres.in/api/register
  Given User has the registration API 'register'                  # step_defination.APIRegPostStepdefs.userHasTheRegistrationAPIApiPath(java.lang.String)
  When User will send 'eve.holt@reqres.in' and 'pistol'           # step_defination.APIRegPostStepdefs.userWillSendEmailAndPassword(java.lang.String,java.lang.String)
https://reqres.in/api/register
{Content-Type=application/json;charset=UTF-8}
Status Code: 400
  And Validate the response code                                  # step_defination.APIRegPostStepdefs.validateTheResponseCode()
The JSon response
*****************************
{"error":"Note: Only defined users succeed registration"}
*****************************
  And Get the API response                                        # step_defination.APIRegPostStepdefs.getTheAPIResponse()
The text responses
******************
0
null
*******************
  Then Validate the response                                      # step_defination.APIRegPostStepdefs.validateTheResponse()
]]></system-out>
  <system-err><![CDATA[SLF4J: Failed to load class "org.slf4j.impl.StaticLoggerBinder".
SLF4J: Defaulting to no-operation (NOP) logger implementation
SLF4J: See http://www.slf4j.org/codes.html#StaticLoggerBinder for further details.
]]></system-err>
</testsuite>
