<?xml version="1.0" encoding="UTF-8"?>
<!-- Generated by org.testng.reporters.JUnitReportReporter -->
<testsuite hostname="MyWorkStation" failures="0" tests="2" name="runner.CucumberRunnerForAPI$CucumberRunnerTest" time="2.848" errors="0" timestamp="2023-05-20T09:08:14 BDT" skipped="0">
  <testcase classname="runner.CucumberRunnerForAPI$CucumberRunnerTest" name="runScenario" time="2.276"/>
  <system-out/>
  <testcase classname="runner.CucumberRunnerForAPI$CucumberRunnerTest" name="runScenario" time="0.572"/>
  <system-out/>
</testsuite> <!-- runner.CucumberRunnerForAPI$CucumberRunnerTest -->
