<?xml version="1.0" encoding="UTF-8"?>
<!-- Generated by org.testng.reporters.JUnitReportReporter -->
<testsuite hostname="ABG-IT-PC09" failures="0" tests="1" name="runner.CucumberRunner$CucumberRunnerTest" time="12.099" errors="0" timestamp="2023-05-17T17:33:07 BDT" skipped="0">
  <testcase classname="runner.CucumberRunner$CucumberRunnerTest" name="runScenario" time="12.099"/>
  <system-out/>
</testsuite> <!-- runner.CucumberRunner$CucumberRunnerTest -->
