<?xml version="1.0" encoding="UTF-8"?>
<!-- Generated by org.testng.reporters.JUnitReportReporter -->
<testsuite hostname="MyWorkStation" failures="0" tests="1" name="runner.APIGetUserListRunner$CucumberRunnerTest" time="2.311" errors="0" timestamp="2023-05-20T18:14:08 BDT" skipped="0">
  <testcase classname="runner.APIGetUserListRunner$CucumberRunnerTest" name="runScenario" time="2.311"/>
  <system-out/>
</testsuite> <!-- runner.APIGetUserListRunner$CucumberRunnerTest -->
