<?xml version="1.0" encoding="UTF-8"?>
<!-- Generated by org.testng.reporters.JUnitReportReporter -->
<testsuite hostname="MyWorkStation" failures="0" tests="1" name="runner.CucumberRunner$CucumberRunnerTest" time="5.585" errors="0" timestamp="2023-05-13T18:33:05 BDT" skipped="0">
  <testcase classname="runner.CucumberRunner$CucumberRunnerTest" name="runScenario" time="5.585"/>
  <system-out/>
</testsuite> <!-- runner.CucumberRunner$CucumberRunnerTest -->
