<?xml version="1.0" encoding="UTF-8"?>
<!-- Generated by org.testng.reporters.JUnitReportReporter -->
<testsuite hostname="MyWorkStation" failures="0" tests="2" name="runner.CucumberRunner$CucumberRunnerTest" time="15.466" errors="0" timestamp="2023-05-06T17:24:57 BDT" skipped="0">
  <testcase classname="runner.CucumberRunner$CucumberRunnerTest" name="runScenario" time="12.305"/>
  <system-out/>
  <testcase classname="runner.CucumberRunner$CucumberRunnerTest" name="runScenario" time="3.161"/>
  <system-out/>
</testsuite> <!-- runner.CucumberRunner$CucumberRunnerTest -->
