<?xml version="1.0" encoding="UTF-8"?>
<!-- Generated by org.testng.reporters.JUnitReportReporter -->
<testsuite hostname="ABG-IT-PC09" failures="0" tests="2" name="runner.CucumberRunner$CucumberRunnerTest" time="2.296" errors="2" timestamp="2023-05-09T19:21:18 BDT" skipped="0">
  <testcase classname="runner.CucumberRunner$CucumberRunnerTest" name="runScenario" time="2.288">
    <error message="Unable to establish websocket connection to http://localhost:7777/devtools/browser/91ce00cf-0941-4cbf-b678-ae7e235086fa
Build info: version: &#039;4.1.2&#039;, revision: &#039;9a5a329c5a&#039;
System info: host: &#039;ABG-IT-PC09&#039;, ip: &#039;10.97.221.214&#039;, os.name: &#039;Windows 11&#039;, os.arch: &#039;amd64&#039;, os.version: &#039;10.0&#039;, java.version: &#039;17.0.6&#039;
Driver info: driver.version: ChromeDriver" type="org.openqa.selenium.remote.http.ConnectionFailedException">
      <![CDATA[org.openqa.selenium.remote.http.ConnectionFailedException: Unable to establish websocket connection to http://localhost:7777/devtools/browser/91ce00cf-0941-4cbf-b678-ae7e235086fa
Build info: version: '4.1.2', revision: '9a5a329c5a'
System info: host: 'ABG-IT-PC09', ip: '10.97.221.214', os.name: 'Windows 11', os.arch: 'amd64', os.version: '10.0', java.version: '17.0.6'
Driver info: driver.version: ChromeDriver
at org.openqa.selenium.remote.http.netty.NettyWebSocket.<init>(NettyWebSocket.java:104)
at org.openqa.selenium.remote.http.netty.NettyWebSocket.lambda$create$3(NettyWebSocket.java:137)
at org.openqa.selenium.remote.http.netty.NettyClient.openSocket(NettyClient.java:118)
at org.openqa.selenium.devtools.Connection.<init>(Connection.java:77)
at org.openqa.selenium.chromium.ChromiumDriver.lambda$new$2(ChromiumDriver.java:124)
at java.base/java.util.Optional.map(Optional.java:260)
at org.openqa.selenium.chromium.ChromiumDriver.<init>(ChromiumDriver.java:122)
at org.openqa.selenium.chrome.ChromeDriver.<init>(ChromeDriver.java:106)
at org.openqa.selenium.chrome.ChromeDriver.<init>(ChromeDriver.java:93)
at org.openqa.selenium.chrome.ChromeDriver.<init>(ChromeDriver.java:82)
at core.WebSettings.appUpAndRun(WebSettings.java:30)
at step_defination.RegisterStepDef.userHasBaseUrl(RegisterStepDef.java:27)
at ✽.user has base url(file:///D:/JAVA/Selenium_Study/src/test/resources/Features/register.feature:5)
]]>
    </error>
  </testcase> <!-- runScenario -->
  <system-out/>
  <testcase classname="runner.CucumberRunner$CucumberRunnerTest" name="runScenario" time="0.008">
    <error message="Cannot invoke &quot;pages.RegisterPage.clickOnReset()&quot; because &quot;this.regPage&quot; is null" type="java.lang.NullPointerException">
      <![CDATA[java.lang.NullPointerException: Cannot invoke "pages.RegisterPage.clickOnReset()" because "this.regPage" is null
at step_defination.RegisterStepDef.userWillClickOnResetButton(RegisterStepDef.java:57)
at ✽.User will click on Reset button(file:///D:/JAVA/Selenium_Study/src/test/resources/Features/register.feature:18)
]]>
    </error>
  </testcase> <!-- runScenario -->
  <system-out/>
</testsuite> <!-- runner.CucumberRunner$CucumberRunnerTest -->
