<?xml version="1.0" encoding="UTF-8"?>
<!-- Generated by org.testng.reporters.JUnitReportReporter -->
<testsuite hostname="MyWorkStation" failures="0" tests="3" name="runner.CucumberRunnerForAPI$CucumberRunnerTest" time="4.080" errors="0" timestamp="2023-05-20T18:08:10 BDT" skipped="0">
  <testcase classname="runner.CucumberRunnerForAPI$CucumberRunnerTest" name="runScenario" time="0.414"/>
  <system-out/>
  <testcase classname="runner.CucumberRunnerForAPI$CucumberRunnerTest" name="runScenario" time="3.101"/>
  <system-out/>
  <testcase classname="runner.CucumberRunnerForAPI$CucumberRunnerTest" name="runScenario" time="0.565"/>
  <system-out/>
</testsuite> <!-- runner.CucumberRunnerForAPI$CucumberRunnerTest -->
