<?xml version="1.0" encoding="UTF-8"?>
<!-- Generated by org.testng.reporters.JUnitReportReporter -->
<testsuite hostname="ABG-IT-PC09" failures="0" tests="1" name="runner.APIGetUserListRunner$CucumberRunnerTest" time="2.740" errors="0" timestamp="2023-05-22T18:21:51 BDT" skipped="0">
  <testcase classname="runner.APIGetUserListRunner$CucumberRunnerTest" name="runScenario" time="2.740"/>
  <system-out/>
</testsuite> <!-- runner.APIGetUserListRunner$CucumberRunnerTest -->
