<?xml version="1.0" encoding="UTF-8"?>
<!-- Generated by org.testng.reporters.JUnitReportReporter -->
<testsuite hostname="MyWorkStation" failures="0" tests="2" name="runner.CucumberRunner$CucumberRunnerTest" time="8.367" errors="0" timestamp="2023-05-19T15:30:32 BDT" skipped="0">
  <testcase classname="runner.CucumberRunner$CucumberRunnerTest" name="runScenario" time="7.502"/>
  <system-out/>
  <testcase classname="runner.CucumberRunner$CucumberRunnerTest" name="runScenario" time="0.865"/>
  <system-out/>
</testsuite> <!-- runner.CucumberRunner$CucumberRunnerTest -->
