<?xml version="1.0" encoding="UTF-8"?>
<testsuite name="runner.CucumberRunnerForAndroid$CucumberRunnerTest" tests="1" skipped="0" failures="0" errors="0" timestamp="2023-05-27T13:03:40" hostname="MYWORKSTATION" time="30.144">
  <properties/>
  <testcase name="runScenario[0](&quot;Login to ERI bank&quot;, &quot;Optional[Login to Bank]&quot;)" classname="runner.CucumberRunnerForAndroid$CucumberRunnerTest" time="30.144"/>
  <system-out><![CDATA[
Scenario Outline: Login to ERI bank            # src/test/resources/features/mobile/login_bank.feature:11
  Given User has apk                           # step_defination.BankLoginStepdefs.userHasApk()
  When User will enter 'company' and 'company' # step_defination.BankLoginStepdefs.userWillEnterUsernameAndPassword(java.lang.String,java.lang.String)
  And Click on Login button                    # step_defination.BankLoginStepdefs.clickOnLoginButton()
lol
  Then Logged in successfully                  # step_defination.BankLoginStepdefs.loggedInSuccessfully()
]]></system-out>
  <system-err><![CDATA[SLF4J: No SLF4J providers were found.
SLF4J: Defaulting to no-operation (NOP) logger implementation
SLF4J: See https://www.slf4j.org/codes.html#noProviders for further details.
]]></system-err>
</testsuite>
