<?xml version="1.0" encoding="UTF-8"?>
<!-- Generated by org.testng.reporters.JUnitReportReporter -->
<testsuite hostname="MyWorkStation" failures="0" tests="1" name="runner.CucumberRunnerForAndroid$CucumberRunnerTest" time="30.144" errors="0" timestamp="2023-05-27T19:04:11 BDT" skipped="0">
  <testcase classname="runner.CucumberRunnerForAndroid$CucumberRunnerTest" name="runScenario" time="30.144"/>
  <system-out/>
</testsuite> <!-- runner.CucumberRunnerForAndroid$CucumberRunnerTest -->
